#
# An unexpected error has been detected by Java Runtime Environment:
#
#  EXCEPTION_ACCESS_VIOLATION (0xc0000005) at pc=0x771dd7ba, pid=2896, tid=5336
#
# Java VM: Java HotSpot(TM) Client VM (11.3-b02 mixed mode windows-x86)
# Problematic frame:
# C  [ole32.dll+0x2d7ba]
#
# If you would like to submit a bug report, please visit:
#   http://java.sun.com/webapps/bugreport/crash.jsp
# The crash happened outside the Java Virtual Machine in native code.
# See problematic frame for where to report the bug.
#

---------------  T H R E A D  ---------------

Current thread (0x0b9a6c00):  JavaThread "AWT-EventQueue-0" [_thread_in_native, id=5336, stack(0x0be60000,0x0beb0000)]

siginfo: ExceptionCode=0xc0000005, writing address 0x00000028

Registers:
EAX=0x0beaefec, EBX=0x772f7758, ECX=0x00000000, EDX=0x00000000
ESP=0x0beaefbc, EBP=0x0beaefc4, ESI=0x0beaefec, EDI=0x00000028
EIP=0x771dd7ba, EFLAGS=0x00010246

Top of Stack: (sp=0x0beaefbc)
0x0beaefbc:   00247bb0 002355e8 0beaf000 771dd2f0
0x0beaefcc:   0beaefec 0ba00738 00247bb0 00000000
0x0beaefdc:   00000000 0025afa8 002355e8 00000000
0x0beaefec:   0000c800 00000b50 4b94660f 503a8a5e
0x0beaeffc:   83a3bea3 0beaf01c 771dd359 0babc558
0x0beaf00c:   00000000 772ed6ee 016a9da0 00247bb0
0x0beaf01c:   0beaf068 7723e883 83a3becb 016a9da0
0x0beaf02c:   016a9da0 0ba00738 0beaf04c 754ab18a 

Instructions: (pc=0x771dd7ba)
0x771dd7aa:   90 90 90 8b ff 55 8b ec 56 8b 75 08 57 8d 79 28
0x771dd7ba:   a5 a5 a5 a5 5f 5e 5d c2 04 00 ff 75 0c ff 75 08 


Stack: [0x0be60000,0x0beb0000],  sp=0x0beaefbc,  free space=315k
Native frames: (J=compiled Java code, j=interpreted, Vv=VM code, C=native code)
C  [ole32.dll+0x2d7ba]
C  [ole32.dll+0x2d2f0]
C  [ole32.dll+0x2d359]
C  [ole32.dll+0x8e883]

Java frames: (J=compiled Java code, j=interpreted, Vv=VM code)
j  sun.awt.windows.WComponentPeer.addNativeDropTarget()J+0
j  sun.awt.windows.WComponentPeer.addDropTarget(Ljava/awt/dnd/DropTarget;)V+9
j  java.awt.dnd.DropTarget.addNotify(Ljava/awt/peer/ComponentPeer;)V+60
j  java.awt.Component.addNotify()V+297
j  java.awt.Container.addNotify()V+8
j  javax.swing.JComponent.addNotify()V+1
j  java.awt.Container.addNotify()V+61
j  javax.swing.JComponent.addNotify()V+1
j  java.awt.Container.addNotify()V+61
j  javax.swing.JComponent.addNotify()V+1
j  java.awt.Container.addNotify()V+61
j  javax.swing.JComponent.addNotify()V+1
j  javax.swing.JRootPane.addNotify()V+5
j  java.awt.Container.addNotify()V+61
j  java.awt.Window.addNotify()V+73
j  java.awt.Frame.addNotify()V+70
j  java.awt.Window.show()V+8
j  java.awt.Component.show(Z)V+5
j  java.awt.Component.setVisible(Z)V+2
j  java.awt.Window.setVisible(Z)V+2
j  d.zhuce.jButton4ActionPerformed(Ljava/awt/event/ActionEvent;)V+10
j  d.zhuce$5.actionPerformed(Ljava/awt/event/ActionEvent;)V+5
j  javax.swing.AbstractButton.fireActionPerformed(Ljava/awt/event/ActionEvent;)V+84
j  javax.swing.AbstractButton$Handler.actionPerformed(Ljava/awt/event/ActionEvent;)V+5
j  javax.swing.DefaultButtonModel.fireActionPerformed(Ljava/awt/event/ActionEvent;)V+35
j  javax.swing.DefaultButtonModel.setPressed(Z)V+117
j  javax.swing.plaf.basic.BasicButtonListener.mouseReleased(Ljava/awt/event/MouseEvent;)V+35
j  java.awt.Component.processMouseEvent(Ljava/awt/event/MouseEvent;)V+64
j  javax.swing.JComponent.processMouseEvent(Ljava/awt/event/MouseEvent;)V+23
j  java.awt.Component.processEvent(Ljava/awt/AWTEvent;)V+81
j  java.awt.Container.processEvent(Ljava/awt/AWTEvent;)V+18
j  java.awt.Component.dispatchEventImpl(Ljava/awt/AWTEvent;)V+562
j  java.awt.Container.dispatchEventImpl(Ljava/awt/AWTEvent;)V+42
j  java.awt.Component.dispatchEvent(Ljava/awt/AWTEvent;)V+2
j  java.awt.LightweightDispatcher.retargetMouseEvent(Ljava/awt/Component;ILjava/awt/event/MouseEvent;)V+320
j  java.awt.LightweightDispatcher.processMouseEvent(Ljava/awt/event/MouseEvent;)Z+139
j  java.awt.LightweightDispatcher.dispatchEvent(Ljava/awt/AWTEvent;)Z+50
j  java.awt.Container.dispatchEventImpl(Ljava/awt/AWTEvent;)V+12
j  java.awt.Window.dispatchEventImpl(Ljava/awt/AWTEvent;)V+19
j  java.awt.Component.dispatchEvent(Ljava/awt/AWTEvent;)V+2
j  java.awt.EventQueue.dispatchEvent(Ljava/awt/AWTEvent;)V+46
J  java.awt.EventDispatchThread.pumpOneEventForFilters(I)Z
j  java.awt.EventDispatchThread.pumpEventsForFilter(ILjava/awt/Conditional;Ljava/awt/EventFilter;)V+30
j  java.awt.EventDispatchThread.pumpEventsForHierarchy(ILjava/awt/Conditional;Ljava/awt/Component;)V+11
j  java.awt.EventDispatchThread.pumpEvents(ILjava/awt/Conditional;)V+4
j  java.awt.EventDispatchThread.pumpEvents(Ljava/awt/Conditional;)V+3
j  java.awt.EventDispatchThread.run()V+9
v  ~StubRoutines::call_stub

---------------  P R O C E S S  ---------------

Java Threads: ( => current thread )
  0x016a8800 JavaThread "Image Fetcher 0" daemon [_thread_blocked, id=5104, stack(0x0f740000,0x0f790000)]
  0x0bb67800 JavaThread "TimerQueue" daemon [_thread_blocked, id=980, stack(0x0e9b0000,0x0ea00000)]
  0x0ba58c00 JavaThread "D3D Screen Updater" daemon [_thread_blocked, id=1728, stack(0x0c190000,0x0c1e0000)]
  0x01259800 JavaThread "DestroyJavaVM" [_thread_blocked, id=648, stack(0x01150000,0x011a0000)]
=>0x0b9a6c00 JavaThread "AWT-EventQueue-0" [_thread_in_native, id=5336, stack(0x0be60000,0x0beb0000)]
  0x0b9a6400 JavaThread "AWT-Windows" daemon [_thread_in_native, id=5964, stack(0x0bdc0000,0x0be10000)]
  0x0b9a6000 JavaThread "AWT-Shutdown" [_thread_blocked, id=3944, stack(0x0bc80000,0x0bcd0000)]
  0x016bfc00 JavaThread "Java2D Disposer" daemon [_thread_blocked, id=3116, stack(0x0bbd0000,0x0bc20000)]
  0x016a5800 JavaThread "Low Memory Detector" daemon [_thread_blocked, id=3376, stack(0x0b8d0000,0x0b920000)]
  0x016a0000 JavaThread "CompilerThread0" daemon [_thread_blocked, id=3500, stack(0x0b880000,0x0b8d0000)]
  0x0169fc00 JavaThread "Attach Listener" daemon [_thread_blocked, id=5056, stack(0x0b830000,0x0b880000)]
  0x01697000 JavaThread "Signal Dispatcher" daemon [_thread_blocked, id=2760, stack(0x0b7e0000,0x0b830000)]
  0x0165b400 JavaThread "Finalizer" daemon [_thread_in_native, id=3268, stack(0x0b790000,0x0b7e0000)]
  0x0165a000 JavaThread "Reference Handler" daemon [_thread_blocked, id=1824, stack(0x0b740000,0x0b790000)]

Other Threads:
  0x01656c00 VMThread [stack: 0x0b6f0000,0x0b740000] [id=2668]
  0x016ae000 WatcherThread [stack: 0x0b920000,0x0b970000] [id=4796]

VM state:not at safepoint (normal execution)

VM Mutex/Monitor currently owned by a thread: None

Heap
 def new generation   total 960K, used 346K [0x036c0000, 0x037c0000, 0x03ba0000)
  eden space 896K,  38% used [0x036c0000, 0x03716720, 0x037a0000)
  from space 64K,   0% used [0x037a0000, 0x037a0148, 0x037b0000)
  to   space 64K,   0% used [0x037b0000, 0x037b0000, 0x037c0000)
 tenured generation   total 5804K, used 5356K [0x03ba0000, 0x0414b000, 0x076c0000)
   the space 5804K,  92% used [0x03ba0000, 0x040db350, 0x040db400, 0x0414b000)
 compacting perm gen  total 12288K, used 9002K [0x076c0000, 0x082c0000, 0x0b6c0000)
   the space 12288K,  73% used [0x076c0000, 0x07f8a9b0, 0x07f8aa00, 0x082c0000)
No shared spaces configured.

Dynamic libraries:
0x00400000 - 0x00424000 	C:\Users\Administrator.WIN7U-20140303K\AppData\Local\Genuitec\Common\binary\com.sun.java.jdk.win32.x86_1.6.0.013\bin\javaw.exe
0x775f0000 - 0x77731000 	C:\Windows\SYSTEM32\ntdll.dll
0x76850000 - 0x76924000 	C:\Windows\system32\kernel32.dll
0x754a0000 - 0x754eb000 	C:\Windows\system32\KERNELBASE.dll
0x76930000 - 0x769d0000 	C:\Windows\system32\ADVAPI32.dll
0x774b0000 - 0x7755c000 	C:\Windows\system32\msvcrt.dll
0x76dd0000 - 0x76de9000 	C:\Windows\SYSTEM32\sechost.dll
0x758b0000 - 0x75952000 	C:\Windows\system32\RPCRT4.dll
0x77090000 - 0x77159000 	C:\Windows\system32\USER32.dll
0x76a00000 - 0x76a4e000 	C:\Windows\system32\GDI32.dll
0x77830000 - 0x7783a000 	C:\Windows\system32\LPK.dll
0x76b40000 - 0x76bdd000 	C:\Windows\system32\USP10.dll
0x769d0000 - 0x769ef000 	C:\Windows\system32\IMM32.DLL
0x75660000 - 0x7572c000 	C:\Windows\system32\MSCTF.dll
0x7c340000 - 0x7c396000 	C:\Users\Administrator.WIN7U-20140303K\AppData\Local\Genuitec\Common\binary\com.sun.java.jdk.win32.x86_1.6.0.013\jre\bin\msvcr71.dll
0x6d8b0000 - 0x6db06000 	C:\Users\Administrator.WIN7U-20140303K\AppData\Local\Genuitec\Common\binary\com.sun.java.jdk.win32.x86_1.6.0.013\jre\bin\client\jvm.dll
0x75410000 - 0x75442000 	C:\Windows\system32\WINMM.dll
0x75160000 - 0x751ac000 	C:\Windows\system32\apphelp.dll
0x6d340000 - 0x6d348000 	C:\Users\Administrator.WIN7U-20140303K\AppData\Local\Genuitec\Common\binary\com.sun.java.jdk.win32.x86_1.6.0.013\jre\bin\hpi.dll
0x77080000 - 0x77085000 	C:\Windows\system32\PSAPI.DLL
0x6d860000 - 0x6d86c000 	C:\Users\Administrator.WIN7U-20140303K\AppData\Local\Genuitec\Common\binary\com.sun.java.jdk.win32.x86_1.6.0.013\jre\bin\verify.dll
0x6d3e0000 - 0x6d3ff000 	C:\Users\Administrator.WIN7U-20140303K\AppData\Local\Genuitec\Common\binary\com.sun.java.jdk.win32.x86_1.6.0.013\jre\bin\java.dll
0x6d8a0000 - 0x6d8af000 	C:\Users\Administrator.WIN7U-20140303K\AppData\Local\Genuitec\Common\binary\com.sun.java.jdk.win32.x86_1.6.0.013\jre\bin\zip.dll
0x6d0b0000 - 0x6d1fa000 	C:\Users\Administrator.WIN7U-20140303K\AppData\Local\Genuitec\Common\binary\com.sun.java.jdk.win32.x86_1.6.0.013\jre\bin\awt.dll
0x72710000 - 0x72761000 	C:\Windows\system32\WINSPOOL.DRV
0x771b0000 - 0x7730c000 	C:\Windows\system32\ole32.dll
0x73cf0000 - 0x73e8e000 	C:\Windows\WinSxS\x86_microsoft.windows.common-controls_6595b64144ccf1df_6.0.7601.18837_none_41e855142bd5705d\comctl32.dll
0x767f0000 - 0x76847000 	C:\Windows\system32\SHLWAPI.dll
0x75530000 - 0x75543000 	C:\Windows\system32\DWMAPI.DLL
0x73c70000 - 0x73cb0000 	C:\Windows\system32\uxtheme.dll
0x65220000 - 0x65348000 	C:\Program Files\360\360safe\safemon\safemon.dll
0x75ba0000 - 0x767eb000 	C:\Windows\system32\SHELL32.dll
0x77560000 - 0x775ef000 	C:\Windows\system32\OLEAUT32.dll
0x76be0000 - 0x76dc4000 	C:\Windows\system32\WININET.dll
0x75460000 - 0x75464000 	C:\Windows\system32\api-ms-win-downlevel-user32-l1-1-0.dll
0x752b0000 - 0x752b4000 	C:\Windows\system32\api-ms-win-downlevel-shlwapi-l1-1-0.dll
0x75590000 - 0x75594000 	C:\Windows\system32\api-ms-win-downlevel-version-l1-1-0.dll
0x747c0000 - 0x747c9000 	C:\Windows\system32\version.DLL
0x75470000 - 0x75473000 	C:\Windows\system32\api-ms-win-downlevel-normaliz-l1-1-0.dll
0x77070000 - 0x77073000 	C:\Windows\system32\normaliz.DLL
0x76e30000 - 0x77062000 	C:\Windows\system32\iertutil.dll
0x75450000 - 0x75455000 	C:\Windows\system32\api-ms-win-downlevel-advapi32-l1-1-0.dll
0x75480000 - 0x75497000 	C:\Windows\system32\USERENV.dll
0x75290000 - 0x7529b000 	C:\Windows\system32\profapi.dll
0x76df0000 - 0x76e25000 	C:\Windows\system32\WS2_32.dll
0x769f0000 - 0x769f6000 	C:\Windows\system32\NSI.dll
0x751b0000 - 0x751bc000 	C:\Windows\system32\CRYPTBASE.dll
0x6d2e0000 - 0x6d334000 	C:\Users\Administrator.WIN7U-20140303K\AppData\Local\Genuitec\Common\binary\com.sun.java.jdk.win32.x86_1.6.0.013\jre\bin\fontmanager.dll
0x711c0000 - 0x71383000 	C:\Windows\system32\d3d9.dll
0x711b0000 - 0x711b6000 	C:\Windows\system32\d3d8thk.dll
0x61040000 - 0x61eae000 	C:\Windows\system32\nvd3dum.dll
0x75630000 - 0x75655000 	C:\Windows\system32\powrprof.dll
0x77310000 - 0x774ad000 	C:\Windows\system32\SETUPAPI.dll
0x754f0000 - 0x75517000 	C:\Windows\system32\CFGMGR32.dll
0x753f0000 - 0x75402000 	C:\Windows\system32\DEVOBJ.dll
0x6d500000 - 0x6d524000 	C:\Users\Administrator.WIN7U-20140303K\AppData\Local\Genuitec\Common\binary\com.sun.java.jdk.win32.x86_1.6.0.013\jre\bin\jpeg.dll
0x6d6c0000 - 0x6d6d3000 	C:\Users\Administrator.WIN7U-20140303K\AppData\Local\Genuitec\Common\binary\com.sun.java.jdk.win32.x86_1.6.0.013\jre\bin\net.dll
0x74c60000 - 0x74c9c000 	C:\Windows\system32\mswsock.dll
0x74c50000 - 0x74c56000 	C:\Windows\System32\wship6.dll
0x6d6e0000 - 0x6d6e9000 	C:\Users\Administrator.WIN7U-20140303K\AppData\Local\Genuitec\Common\binary\com.sun.java.jdk.win32.x86_1.6.0.013\jre\bin\nio.dll
0x777a0000 - 0x77823000 	C:\Windows\system32\CLBCatQ.DLL
0x6d420000 - 0x6d42d000 	C:\Users\Administrator.WIN7U-20140303K\AppData\Local\Genuitec\Common\binary\com.sun.java.jdk.win32.x86_1.6.0.013\jre\bin\JdbcOdbc.dll
0x60860000 - 0x608ec000 	C:\Windows\system32\ODBC32.dll
0x60820000 - 0x60858000 	C:\Windows\system32\odbcint.dll
0x74db0000 - 0x74dc7000 	C:\Windows\system32\bcrypt.dll
0x74980000 - 0x749bd000 	C:\Windows\system32\bcryptprimitives.dll
0x70cc0000 - 0x70d05000 	C:\PROGRA~1\COMMON~1\MICROS~1\OFFICE14\ACEODBC.DLL
0x6fe80000 - 0x6ff23000 	C:\Windows\WinSxS\x86_microsoft.vc90.crt_1fc8b3b9a1e18e3b_9.0.30729.7523_none_508f21ccbcbbb7a8\MSVCR90.dll
0x75b20000 - 0x75b9b000 	C:\Windows\system32\COMDLG32.dll
0x52060000 - 0x53227000 	C:\Program Files\Common Files\Microsoft Shared\office14\mso.dll
0x69750000 - 0x69995000 	C:\Windows\system32\msi.dll
0x70cb0000 - 0x70cbc000 	C:\Program Files\Common Files\Microsoft Shared\OFFICE14\2052\ACEODBCI.DLL
0x70ca0000 - 0x70cab000 	C:\Program Files\Common Files\Microsoft Shared\OFFICE14\ACEERR.DLL
0x673f0000 - 0x675f8000 	C:\Program Files\Common Files\Microsoft Shared\OFFICE14\ACECORE.DLL
0x6fb90000 - 0x6fc1e000 	C:\Windows\WinSxS\x86_microsoft.vc90.crt_1fc8b3b9a1e18e3b_9.0.30729.7523_none_508f21ccbcbbb7a8\MSVCP90.dll
0x70bc0000 - 0x70c92000 	C:\Program Files\Common Files\Microsoft Shared\OFFICE14\2052\ACEWSTR.DLL
0x70ba0000 - 0x70bbe000 	C:\Windows\system32\odbccp32.dll
0x75140000 - 0x7515b000 	C:\Windows\system32\SspiCli.dll
0x0f7b0000 - 0x13cdb000 	C:\Program Files\Common Files\Microsoft Shared\office14\MSORES.DLL
0x69ca0000 - 0x69cb7000 	C:\Windows\system32\DavClnt.DLL
0x6bb90000 - 0x6bb98000 	C:\Windows\system32\DAVHLPR.dll
0x69d00000 - 0x6a1e0000 	C:\Program Files\Common Files\Microsoft Shared\office14\2052\MSOINTL.DLL
0x6b0f0000 - 0x6b198000 	C:\Program Files\Common Files\Microsoft Shared\office14\ACEES.DLL
0x70b90000 - 0x70b9e000 	C:\Program Files\Common Files\Microsoft Shared\OFFICE14\VBAJET32.DLL
0x6a910000 - 0x6a981000 	C:\Program Files\Common Files\Microsoft Shared\OFFICE14\expsrv.dll
0x70b70000 - 0x70b87000 	C:\Program Files\Common Files\Microsoft Shared\OFFICE14\2052\ACEINTL.DLL
0x74ca0000 - 0x74cb7000 	C:\Windows\system32\CRYPTSP.dll
0x74a40000 - 0x74a7b000 	C:\Windows\system32\rsaenh.dll
0x75220000 - 0x7522e000 	C:\Windows\system32\RpcRtRemote.dll

VM Arguments:
jvm_args: -Dfile.encoding=GBK 
java_command: d.zhuce
Launcher Type: SUN_STANDARD

Environment Variables:
JAVA_HOME=C:\Program Files\Java\jdk1.7.0_13
CLASSPATH=C:\Program Files\Java\jdk1.7.0_13/lib/dt.jar;C:\Program Files\Java\jdk1.7.0_13/lib/tools.jar;.
PATH=C:/Users/Administrator.WIN7U-20140303K/AppData/Local/Genuitec/Common/binary/com.sun.java.jdk.win32.x86_1.6.0.013/jre/bin/client;C:/Users/Administrator.WIN7U-20140303K/AppData/Local/Genuitec/Common/binary/com.sun.java.jdk.win32.x86_1.6.0.013/jre/bin;d:\app\Administrator\product\11.2.0\dbhome_1\bin;C:\Windows\system32;C:\Windows;C:\Windows\System32\Wbem;C:\Windows\System32\WindowsPowerShell\v1.0\;C:\Program Files\Microsoft SQL Server\90\Tools\binn\;C:\Program Files\Rational\common;C:\Program Files\Java\jdk1.7.0_13/bin;.
USERNAME=Administrator
OS=Windows_NT
PROCESSOR_IDENTIFIER=x86 Family 6 Model 58 Stepping 9, GenuineIntel



---------------  S Y S T E M  ---------------

OS: Windows NT 6.1 Build 7601 Service Pack 1

CPU:total 4 (8 cores per cpu, 2 threads per core) family 6 model 10 stepping 9, cmov, cx8, fxsr, mmx, sse, sse2, sse3, ssse3, ht

Memory: 4k page, physical 2097151k(1884424k free), swap 4194303k(4194303k free)

vm_info: Java HotSpot(TM) Client VM (11.3-b02) for windows-x86 JRE (1.6.0_13-b03), built on Mar  9 2009 01:15:24 by "java_re" with MS VC++ 7.1

time: Sun Apr 10 11:21:48 2016
elapsed time: 14 seconds

